Using pre-set license
Built from '2021.1/staging' branch; Version is '2021.1.28f1 (f3f9dc10f3dd) revision 15989212'; Using compiler version '192528614'; Build Type 'Release'
OS: 'Windows 10 Pro; OS build 19042.1288; Version 2009; 64bit' Language: 'ja' Physical Memory: 8081 MB
BatchMode: 1, IsHumanControllingUs: 0, StartBugReporterOnCrash: 0, Is64bit: 1, IsPro: 0

COMMAND LINE ARGUMENTS:
C:\Program Files\Unity\Hub\Editor\2021.1.28f1\Editor\Unity.exe
-adb2
-batchMode
-noUpm
-name
AssetImportWorker1
-projectPath
C:/Users/202108uni/Desktop/MyUnityProjects/試作ＲＰＧ
-logFile
Logs/AssetImportWorker1.log
-srvPort
60972
Successfully changed project path to: C:/Users/202108uni/Desktop/MyUnityProjects/試作ＲＰＧ
C:/Users/202108uni/Desktop/MyUnityProjects/試作ＲＰＧ
Using Asset Import Pipeline V2.
Refreshing native plugins compatible for Editor in 187.51 ms, found 4 plugins.
Preloading 0 native plugins for Editor in 0.00 ms.
Initialize engine version: 2021.1.28f1 (f3f9dc10f3dd)
[Subsystems] Discovering subsystems at path C:/Program Files/Unity/Hub/Editor/2021.1.28f1/Editor/Data/Resources/UnitySubsystems
[Subsystems] Discovering subsystems at path C:/Users/202108uni/Desktop/MyUnityProjects/試作ＲＰＧ/Assets
GfxDevice: creating device client; threaded=0; jobified=0
Direct3D:
    Version:  Direct3D 11.0 [level 11.1]
    Renderer: Intel(R) HD Graphics Family (ID=0xa16)
    Vendor:   Intel
    VRAM:     2048 MB
    Driver:   20.19.15.4531
Initialize mono
Mono path[0] = 'C:/Program Files/Unity/Hub/Editor/2021.1.28f1/Editor/Data/Managed'
Mono path[1] = 'C:/Program Files/Unity/Hub/Editor/2021.1.28f1/Editor/Data/MonoBleedingEdge/lib/mono/unityjit'
Mono config path = 'C:/Program Files/Unity/Hub/Editor/2021.1.28f1/Editor/Data/MonoBleedingEdge/etc'
Using monoOptions --debugger-agent=transport=dt_socket,embedding=1,server=y,suspend=n,address=127.0.0.1:56512
Begin MonoManager ReloadAssembly
Registering precompiled unity dll's ...
Register platform support module: C:/Program Files/Unity/Hub/Editor/2021.1.28f1/Editor/Data/PlaybackEngines/WindowsStandaloneSupport/UnityEditor.WindowsStandalone.Extensions.dll
Registered in 0.003435 seconds.
Native extension for WindowsStandalone target not found
Refreshing native plugins compatible for Editor in 188.99 ms, found 4 plugins.
Preloading 0 native plugins for Editor in 0.00 ms.
Mono: successfully reloaded assembly
- Completed reload, in  2.432 seconds
Domain Reload Profiling:
	ReloadAssembly (2433ms)
		BeginReloadAssembly (101ms)
			ExecutionOrderSort (0ms)
			DisableScriptedObjects (0ms)
			BackupInstance (0ms)
			ReleaseScriptingObjects (0ms)
			CreateAndSetChildDomain (1ms)
		EndReloadAssembly (1131ms)
			LoadAssemblies (98ms)
			RebuildTransferFunctionScriptingTraits (0ms)
			SetupTypeCache (265ms)
			ReleaseScriptCaches (0ms)
			RebuildScriptCaches (59ms)
			SetupLoadedEditorAssemblies (726ms)
				LogAssemblyErrors (0ms)
				InitializePlatformSupportModulesInManaged (10ms)
				SetLoadedEditorAssemblies (0ms)
				RefreshPlugins (189ms)
				BeforeProcessingInitializeOnLoad (3ms)
				ProcessInitializeOnLoadAttributes (467ms)
				ProcessInitializeOnLoadMethodAttributes (56ms)
				AfterProcessingInitializeOnLoad (0ms)
				EditorAssembliesLoaded (0ms)
			ExecutionOrderSort2 (0ms)
			AwakeInstancesAfterBackupRestoration (0ms)
Platform modules already initialized, skipping
Registering precompiled user dll's ...
Registered in 0.009214 seconds.
Begin MonoManager ReloadAssembly
Symbol file LoadedFromMemory doesn't match image C:\Users\202108uni\Desktop\MyUnityProjects\試作ＲＰＧ\Library\PackageCache\com.unity.visualscripting@1.6.1\Editor\VisualScripting.Core\Dependencies\YamlDotNet\Unity.VisualScripting.YamlDotNet.dll
Symbol file LoadedFromMemory doesn't match image C:\Users\202108uni\Desktop\MyUnityProjects\試作ＲＰＧ\Library\PackageCache\com.unity.visualscripting@1.6.1\Editor\VisualScripting.Core\Dependencies\DotNetZip\Unity.VisualScripting.IonicZip.dll
Native extension for WindowsStandalone target not found
Refreshing native plugins compatible for Editor in 203.35 ms, found 4 plugins.
Preloading 0 native plugins for Editor in 0.00 ms.
Mono: successfully reloaded assembly
- Completed reload, in  2.725 seconds
Domain Reload Profiling:
	ReloadAssembly (2726ms)
		BeginReloadAssembly (305ms)
			ExecutionOrderSort (0ms)
			DisableScriptedObjects (9ms)
			BackupInstance (0ms)
			ReleaseScriptingObjects (0ms)
			CreateAndSetChildDomain (39ms)
		EndReloadAssembly (2286ms)
			LoadAssemblies (192ms)
			RebuildTransferFunctionScriptingTraits (0ms)
			SetupTypeCache (888ms)
			ReleaseScriptCaches (1ms)
			RebuildScriptCaches (114ms)
			SetupLoadedEditorAssemblies (927ms)
				LogAssemblyErrors (0ms)
				InitializePlatformSupportModulesInManaged (8ms)
				SetLoadedEditorAssemblies (0ms)
				RefreshPlugins (203ms)
				BeforeProcessingInitializeOnLoad (152ms)
				ProcessInitializeOnLoadAttributes (517ms)
				ProcessInitializeOnLoadMethodAttributes (37ms)
				AfterProcessingInitializeOnLoad (9ms)
				EditorAssembliesLoaded (0ms)
			ExecutionOrderSort2 (0ms)
			AwakeInstancesAfterBackupRestoration (13ms)
Platform modules already initialized, skipping
========================================================================
Worker process is ready to serve import requests
Launched and connected shader compiler UnityShaderCompiler.exe after 0.14 seconds
Refreshing native plugins compatible for Editor in 2.32 ms, found 4 plugins.
Preloading 0 native plugins for Editor in 0.00 ms.
Unloading 3795 Unused Serialized files (Serialized files now loaded: 0)
System memory in use before: 146.5 MB.
System memory in use after: 146.7 MB.

Unloading 35 unused Assets to reduce memory usage. Loaded Objects now: 4241.
Total: 7.260600 ms (FindLiveObjects: 1.040600 ms CreateObjectMapping: 0.560100 ms MarkObjects: 5.507000 ms  DeleteObjects: 0.150600 ms)

AssetImportParameters requested are different than current active one (requested -> active):
  custom:framework-win-MediaFoundation: 216162199b28c13a410421893ffa2e32 -> 
  custom:video-decoder-ogg-theora: a1e56fd34408186e4bbccfd4996cb3dc -> 
  custom:container-muxer-webm: aa71ff27fc2769a1b78a27578f13a17b -> 
  custom:container-demuxer-webm: 4f35f7cbe854078d1ac9338744f61a02 -> 
  custom:container-demuxer-ogg: 62fdf1f143b41e24485cea50d1cbac27 -> 
  custom:video-encoder-webm-vp8: eb34c28f22e8b96e1ab97ce403110664 -> 
  custom:video-decoder-webm-vp8: 9c59270c3fd7afecdb556c50c9e8de78 -> 
  custom:audio-decoder-ogg-vorbis: bf7c407c2cedff20999df2af8eb42d56 -> 
  custom:audio-encoder-webm-vorbis: bf7c407c2cedff20999df2af8eb42d56 -> 
========================================================================
Received Import Request.
  path: Assets/CheckSize.cs
  artifactKey: Guid(88378f36b861fe44288b78cbef4dae49) Importer(815301076,1909f56bfc062723c751e8b465ee728b)
Start importing Assets/CheckSize.cs using Guid(88378f36b861fe44288b78cbef4dae49) Importer(815301076,1909f56bfc062723c751e8b465ee728b)  -> (artifact id: '73198dabba87537f6761cfe501ccaa0a') in 0.079524 seconds 
========================================================================
Received Prepare
Registering precompiled user dll's ...
Registered in 0.176254 seconds.
Begin MonoManager ReloadAssembly
Symbol file LoadedFromMemory doesn't match image C:\Users\202108uni\Desktop\MyUnityProjects\試作ＲＰＧ\Library\PackageCache\com.unity.visualscripting@1.6.1\Editor\VisualScripting.Core\Dependencies\YamlDotNet\Unity.VisualScripting.YamlDotNet.dll
Symbol file LoadedFromMemory doesn't match image C:\Users\202108uni\Desktop\MyUnityProjects\試作ＲＰＧ\Library\PackageCache\com.unity.visualscripting@1.6.1\Editor\VisualScripting.Core\Dependencies\DotNetZip\Unity.VisualScripting.IonicZip.dll
Native extension for WindowsStandalone target not found
Refreshing native plugins compatible for Editor in 1.26 ms, found 4 plugins.
Preloading 0 native plugins for Editor in 0.00 ms.
Mono: successfully reloaded assembly
- Completed reload, in  2.809 seconds
Domain Reload Profiling:
	ReloadAssembly (2810ms)
		BeginReloadAssembly (275ms)
			ExecutionOrderSort (0ms)
			DisableScriptedObjects (15ms)
			BackupInstance (0ms)
			ReleaseScriptingObjects (0ms)
			CreateAndSetChildDomain (92ms)
		EndReloadAssembly (2389ms)
			LoadAssemblies (247ms)
			RebuildTransferFunctionScriptingTraits (0ms)
			SetupTypeCache (951ms)
			ReleaseScriptCaches (2ms)
			RebuildScriptCaches (127ms)
			SetupLoadedEditorAssemblies (836ms)
				LogAssemblyErrors (0ms)
				InitializePlatformSupportModulesInManaged (10ms)
				SetLoadedEditorAssemblies (1ms)
				RefreshPlugins (1ms)
				BeforeProcessingInitializeOnLoad (161ms)
				ProcessInitializeOnLoadAttributes (619ms)
				ProcessInitializeOnLoadMethodAttributes (30ms)
				AfterProcessingInitializeOnLoad (13ms)
				EditorAssembliesLoaded (0ms)
			ExecutionOrderSort2 (0ms)
			AwakeInstancesAfterBackupRestoration (28ms)
Platform modules already initialized, skipping
Refreshing native plugins compatible for Editor in 2.20 ms, found 4 plugins.
Preloading 0 native plugins for Editor in 0.00 ms.
Unloading 3771 Unused Serialized files (Serialized files now loaded: 0)
System memory in use before: 144.6 MB.
System memory in use after: 144.8 MB.

Unloading 23 unused Assets to reduce memory usage. Loaded Objects now: 4244.
Total: 19.836100 ms (FindLiveObjects: 1.852000 ms CreateObjectMapping: 0.543300 ms MarkObjects: 17.387400 ms  DeleteObjects: 0.050600 ms)

AssetImportParameters requested are different than current active one (requested -> active):
  custom:framework-win-MediaFoundation: 216162199b28c13a410421893ffa2e32 -> 
  custom:video-decoder-ogg-theora: a1e56fd34408186e4bbccfd4996cb3dc -> 
  custom:container-muxer-webm: aa71ff27fc2769a1b78a27578f13a17b -> 
  custom:container-demuxer-webm: 4f35f7cbe854078d1ac9338744f61a02 -> 
  custom:container-demuxer-ogg: 62fdf1f143b41e24485cea50d1cbac27 -> 
  custom:video-encoder-webm-vp8: eb34c28f22e8b96e1ab97ce403110664 -> 
  custom:video-decoder-webm-vp8: 9c59270c3fd7afecdb556c50c9e8de78 -> 
  custom:audio-decoder-ogg-vorbis: bf7c407c2cedff20999df2af8eb42d56 -> 
  custom:audio-encoder-webm-vorbis: bf7c407c2cedff20999df2af8eb42d56 -> 
========================================================================
Received Prepare
Registering precompiled user dll's ...
Registered in 0.453515 seconds.
Begin MonoManager ReloadAssembly
Symbol file LoadedFromMemory doesn't match image C:\Users\202108uni\Desktop\MyUnityProjects\試作ＲＰＧ\Library\PackageCache\com.unity.visualscripting@1.6.1\Editor\VisualScripting.Core\Dependencies\YamlDotNet\Unity.VisualScripting.YamlDotNet.dll
Symbol file LoadedFromMemory doesn't match image C:\Users\202108uni\Desktop\MyUnityProjects\試作ＲＰＧ\Library\PackageCache\com.unity.visualscripting@1.6.1\Editor\VisualScripting.Core\Dependencies\DotNetZip\Unity.VisualScripting.IonicZip.dll
Native extension for WindowsStandalone target not found
Refreshing native plugins compatible for Editor in 2.41 ms, found 4 plugins.
Preloading 0 native plugins for Editor in 0.00 ms.
Mono: successfully reloaded assembly
- Completed reload, in  2.465 seconds
Domain Reload Profiling:
	ReloadAssembly (2466ms)
		BeginReloadAssembly (394ms)
			ExecutionOrderSort (0ms)
			DisableScriptedObjects (35ms)
			BackupInstance (0ms)
			ReleaseScriptingObjects (0ms)
			CreateAndSetChildDomain (181ms)
		EndReloadAssembly (1964ms)
			LoadAssemblies (211ms)
			RebuildTransferFunctionScriptingTraits (0ms)
			SetupTypeCache (817ms)
			ReleaseScriptCaches (2ms)
			RebuildScriptCaches (96ms)
			SetupLoadedEditorAssemblies (679ms)
				LogAssemblyErrors (0ms)
				InitializePlatformSupportModulesInManaged (11ms)
				SetLoadedEditorAssemblies (1ms)
				RefreshPlugins (3ms)
				BeforeProcessingInitializeOnLoad (125ms)
				ProcessInitializeOnLoadAttributes (505ms)
				ProcessInitializeOnLoadMethodAttributes (25ms)
				AfterProcessingInitializeOnLoad (10ms)
				EditorAssembliesLoaded (0ms)
			ExecutionOrderSort2 (0ms)
			AwakeInstancesAfterBackupRestoration (21ms)
Platform modules already initialized, skipping
Refreshing native plugins compatible for Editor in 1.12 ms, found 4 plugins.
Preloading 0 native plugins for Editor in 0.00 ms.
Unloading 3771 Unused Serialized files (Serialized files now loaded: 0)
System memory in use before: 144.6 MB.
System memory in use after: 144.9 MB.

Unloading 23 unused Assets to reduce memory usage. Loaded Objects now: 4247.
Total: 5.463400 ms (FindLiveObjects: 0.382100 ms CreateObjectMapping: 0.229200 ms MarkObjects: 4.721700 ms  DeleteObjects: 0.128400 ms)

AssetImportParameters requested are different than current active one (requested -> active):
  custom:framework-win-MediaFoundation: 216162199b28c13a410421893ffa2e32 -> 
  custom:video-decoder-ogg-theora: a1e56fd34408186e4bbccfd4996cb3dc -> 
  custom:container-muxer-webm: aa71ff27fc2769a1b78a27578f13a17b -> 
  custom:container-demuxer-webm: 4f35f7cbe854078d1ac9338744f61a02 -> 
  custom:container-demuxer-ogg: 62fdf1f143b41e24485cea50d1cbac27 -> 
  custom:video-encoder-webm-vp8: eb34c28f22e8b96e1ab97ce403110664 -> 
  custom:video-decoder-webm-vp8: 9c59270c3fd7afecdb556c50c9e8de78 -> 
  custom:audio-decoder-ogg-vorbis: bf7c407c2cedff20999df2af8eb42d56 -> 
  custom:audio-encoder-webm-vorbis: bf7c407c2cedff20999df2af8eb42d56 -> 
========================================================================
Received Import Request.
  Time since last request: 5280.200860 seconds.
  path: Assets/Image/70px-RWS_Tarot_04_Emperor.png
  artifactKey: Guid(0650a75f3462e154bbde6559d674a810) Importer(815301076,1909f56bfc062723c751e8b465ee728b)
Start importing Assets/Image/70px-RWS_Tarot_04_Emperor.png using Guid(0650a75f3462e154bbde6559d674a810) Importer(815301076,1909f56bfc062723c751e8b465ee728b)  -> (artifact id: '51cd7884621ee3d3eeca432053623168') in 0.352452 seconds 
========================================================================
Received Import Request.
  Time since last request: 0.000313 seconds.
  path: Assets/Image/69px-RWS_Tarot_19_Sun.png
  artifactKey: Guid(2a86fbba1158c7147a035e2bb1951521) Importer(815301076,1909f56bfc062723c751e8b465ee728b)
Start importing Assets/Image/69px-RWS_Tarot_19_Sun.png using Guid(2a86fbba1158c7147a035e2bb1951521) Importer(815301076,1909f56bfc062723c751e8b465ee728b)  -> (artifact id: '38faa53fda9e76e3bad871e7b618726c') in 0.073385 seconds 
========================================================================
Received Import Request.
  Time since last request: 0.000331 seconds.
  path: Assets/Image/69px-RWS_Tarot_06_Lovers.png
  artifactKey: Guid(cd1741abed68ec148b0fa9c7e2bc47a5) Importer(815301076,1909f56bfc062723c751e8b465ee728b)
Start importing Assets/Image/69px-RWS_Tarot_06_Lovers.png using Guid(cd1741abed68ec148b0fa9c7e2bc47a5) Importer(815301076,1909f56bfc062723c751e8b465ee728b)  -> (artifact id: 'f8d21940a984ca9692596cb2ff2f88ce') in 0.094568 seconds 
========================================================================
Received Import Request.
  Time since last request: 0.000297 seconds.
  path: Assets/Image/70px-RWS_Tarot_16_Tower.png
  artifactKey: Guid(622190c3bca6aa14c85bd70d40f4f043) Importer(815301076,1909f56bfc062723c751e8b465ee728b)
Start importing Assets/Image/70px-RWS_Tarot_16_Tower.png using Guid(622190c3bca6aa14c85bd70d40f4f043) Importer(815301076,1909f56bfc062723c751e8b465ee728b)  -> (artifact id: 'b3a3623f44f5e319d27180cf9f4bf110') in 0.072936 seconds 
========================================================================
Received Import Request.
  Time since last request: 0.000345 seconds.
  path: Assets/Image/69px-RWS_Tarot_17_Star.png
  artifactKey: Guid(bb43d8a37d69d96468e3c808f3b69c60) Importer(815301076,1909f56bfc062723c751e8b465ee728b)
Start importing Assets/Image/69px-RWS_Tarot_17_Star.png using Guid(bb43d8a37d69d96468e3c808f3b69c60) Importer(815301076,1909f56bfc062723c751e8b465ee728b)  -> (artifact id: '1719c10321d0e0ddbdeb9d6fbac17c26') in 0.070069 seconds 
========================================================================
Received Import Request.
  Time since last request: 0.000316 seconds.
  path: Assets/Image/69px-RWS_Tarot_03_Empress.png
  artifactKey: Guid(680287a4c6a361d499d43039a06013ac) Importer(815301076,1909f56bfc062723c751e8b465ee728b)
Start importing Assets/Image/69px-RWS_Tarot_03_Empress.png using Guid(680287a4c6a361d499d43039a06013ac) Importer(815301076,1909f56bfc062723c751e8b465ee728b)  -> (artifact id: 'b6dafe4814f3cfbfda36c2a2f03c8913') in 0.064490 seconds 
========================================================================
Received Import Request.
  Time since last request: 0.000454 seconds.
  path: Assets/Image/68px-RWS_Tarot_12_Hanged_Man.png
  artifactKey: Guid(ba6663186a085924c88257233a9250c4) Importer(815301076,1909f56bfc062723c751e8b465ee728b)
Start importing Assets/Image/68px-RWS_Tarot_12_Hanged_Man.png using Guid(ba6663186a085924c88257233a9250c4) Importer(815301076,1909f56bfc062723c751e8b465ee728b)  -> (artifact id: '3bd1309efe5652dad2808c385ae87e9f') in 0.062683 seconds 
========================================================================
Received Import Request.
  Time since last request: 0.000382 seconds.
  path: Assets/Image/68px-RWS_Tarot_18_Moon.png
  artifactKey: Guid(dad30891bee4b384c89dc6bc968d41ab) Importer(815301076,1909f56bfc062723c751e8b465ee728b)
Start importing Assets/Image/68px-RWS_Tarot_18_Moon.png using Guid(dad30891bee4b384c89dc6bc968d41ab) Importer(815301076,1909f56bfc062723c751e8b465ee728b)  -> (artifact id: 'd1bfd6d24bbddac6d91350b79bd08551') in 0.062111 seconds 
========================================================================
Received Import Request.
  Time since last request: 0.000427 seconds.
  path: Assets/Image/68px-RWS_Tarot_21_World.png
  artifactKey: Guid(9ac4dddcc3302a444afe3f94aaaf00b1) Importer(815301076,1909f56bfc062723c751e8b465ee728b)
Start importing Assets/Image/68px-RWS_Tarot_21_World.png using Guid(9ac4dddcc3302a444afe3f94aaaf00b1) Importer(815301076,1909f56bfc062723c751e8b465ee728b)  -> (artifact id: '14adc780054d911d2ecc3b660d0bfa39') in 0.078114 seconds 
========================================================================
Received Import Request.
  Time since last request: 0.000478 seconds.
  path: Assets/Image/69px-RWS_Tarot_00_Fool.png
  artifactKey: Guid(dd7f024f4488033418d4e3749d4be69b) Importer(815301076,1909f56bfc062723c751e8b465ee728b)
Start importing Assets/Image/69px-RWS_Tarot_00_Fool.png using Guid(dd7f024f4488033418d4e3749d4be69b) Importer(815301076,1909f56bfc062723c751e8b465ee728b)  -> (artifact id: '7e4ec75751119fd996766ad5bdbf2cdc') in 0.064854 seconds 
========================================================================
Received Import Request.
  Time since last request: 0.000464 seconds.
  path: Assets/Image/69px-RWS_Tarot_02_High_Priestess.png
  artifactKey: Guid(ae6b5fb89b736304291f27e8a7a06773) Importer(815301076,1909f56bfc062723c751e8b465ee728b)
Start importing Assets/Image/69px-RWS_Tarot_02_High_Priestess.png using Guid(ae6b5fb89b736304291f27e8a7a06773) Importer(815301076,1909f56bfc062723c751e8b465ee728b)  -> (artifact id: 'bf4be3ef1fa2df7f302641c2cea78152') in 0.124052 seconds 
========================================================================
Received Import Request.
  Time since last request: 0.000482 seconds.
  path: Assets/Image/69px-RWS_Tarot_20_Judgement.png
  artifactKey: Guid(6bb18e717e6e9824ebe5823aa61911fa) Importer(815301076,1909f56bfc062723c751e8b465ee728b)
Start importing Assets/Image/69px-RWS_Tarot_20_Judgement.png using Guid(6bb18e717e6e9824ebe5823aa61911fa) Importer(815301076,1909f56bfc062723c751e8b465ee728b)  -> (artifact id: 'bbd057403cfa81ad3fe92d420b316649') in 0.162206 seconds 
========================================================================
Received Import Request.
  Time since last request: 0.000389 seconds.
  path: Assets/Image/68px-RWS_Tarot_13_Death.png
  artifactKey: Guid(449c40d06a099a546a90473d5e65767e) Importer(815301076,1909f56bfc062723c751e8b465ee728b)
Start importing Assets/Image/68px-RWS_Tarot_13_Death.png using Guid(449c40d06a099a546a90473d5e65767e) Importer(815301076,1909f56bfc062723c751e8b465ee728b)  -> (artifact id: 'b41ae282a28fe86e7713f466fcd9116e') in 0.064270 seconds 
========================================================================
Received Import Request.
  Time since last request: 0.000468 seconds.
  path: Assets/Image/69px-RWS_Tarot_15_Devil.png
  artifactKey: Guid(2a02887fdde4d3c41a8460089703cbbd) Importer(815301076,1909f56bfc062723c751e8b465ee728b)
Start importing Assets/Image/69px-RWS_Tarot_15_Devil.png using Guid(2a02887fdde4d3c41a8460089703cbbd) Importer(815301076,1909f56bfc062723c751e8b465ee728b)  -> (artifact id: 'b61ffc9f5313673cdc9eff44169ba3c0') in 0.065961 seconds 
